I, [2013-11-21T12:03:10.455742 #737]  INFO -- : listening on addr=/tmp/unicorn.rails_logger.sock fd=7
I, [2013-11-21T12:03:10.455836 #737]  INFO -- : worker=0 spawning...
I, [2013-11-21T12:03:10.456504 #737]  INFO -- : worker=1 spawning...
I, [2013-11-21T12:03:10.457129 #737]  INFO -- : master process ready
I, [2013-11-21T12:03:10.457229 #739]  INFO -- : worker=0 spawned pid=739
I, [2013-11-21T12:03:10.457369 #739]  INFO -- : Refreshing Gem list
I, [2013-11-21T12:03:10.457504 #742]  INFO -- : worker=1 spawned pid=742
I, [2013-11-21T12:03:10.457617 #742]  INFO -- : Refreshing Gem list
I, [2013-11-21T12:03:10.561137 #739]  INFO -- : worker=0 ready
I, [2013-11-21T12:03:10.561164 #742]  INFO -- : worker=1 ready
10.0.3.1 - - [21/Nov/2013 12:28:04] "GET /users HTTP/1.0" 404 438 0.0210
10.0.3.1 - - [21/Nov/2013 12:29:25] "GET /users HTTP/1.0" 404 438 0.0021
10.0.3.1 - - [21/Nov/2013 12:29:26] "GET /users HTTP/1.0" 404 438 0.0142
10.0.3.1 - - [21/Nov/2013 12:29:27] "GET /users HTTP/1.0" 404 438 0.0020
10.0.3.1 - - [21/Nov/2013 12:29:29] "GET /users HTTP/1.0" 404 438 0.0020
10.0.3.1 - - [21/Nov/2013 12:29:30] "GET /users HTTP/1.0" 404 438 0.0021
10.0.3.1 - - [21/Nov/2013 12:30:07] "GET /users HTTP/1.0" 404 438 0.0016
I, [2013-11-21T12:31:41.716827 #737]  INFO -- : reaped #<Process::Status: pid 739 exit 0> worker=0
I, [2013-11-21T12:31:41.717164 #737]  INFO -- : reaped #<Process::Status: pid 742 exit 0> worker=1
I, [2013-11-21T12:31:41.717404 #737]  INFO -- : master complete
I, [2013-11-21T12:31:43.796128 #804]  INFO -- : unlinking existing socket=/tmp/unicorn.rails_logger.sock
I, [2013-11-21T12:31:43.796258 #804]  INFO -- : listening on addr=/tmp/unicorn.rails_logger.sock fd=7
I, [2013-11-21T12:31:43.796322 #804]  INFO -- : worker=0 spawning...
I, [2013-11-21T12:31:43.797024 #804]  INFO -- : worker=1 spawning...
I, [2013-11-21T12:31:43.797756 #804]  INFO -- : master process ready
I, [2013-11-21T12:31:43.797854 #806]  INFO -- : worker=0 spawned pid=806
I, [2013-11-21T12:31:43.798082 #806]  INFO -- : Refreshing Gem list
I, [2013-11-21T12:31:43.798452 #809]  INFO -- : worker=1 spawned pid=809
I, [2013-11-21T12:31:43.798659 #809]  INFO -- : Refreshing Gem list
I, [2013-11-21T12:31:43.908296 #809]  INFO -- : worker=1 ready
I, [2013-11-21T12:31:43.909070 #806]  INFO -- : worker=0 ready
Errno::ENOENT - No such file or directory - /var/www/demo/log/production.log:
	./views/index.erb:1:in `initialize'
	./views/index.erb:1:in `open'
	./views/index.erb:1:in `block in singletonclass'
	./views/index.erb:65531:in `instance_eval'
	./views/index.erb:65531:in `singletonclass'
	./views/index.erb:65529:in `__tilt_16220260'
	/var/lib/gems/1.9.1/gems/tilt-1.4.1/lib/tilt/template.rb:170:in `call'
	/var/lib/gems/1.9.1/gems/tilt-1.4.1/lib/tilt/template.rb:170:in `evaluate'
	/var/lib/gems/1.9.1/gems/tilt-1.4.1/lib/tilt/template.rb:103:in `render'
	/var/lib/gems/1.9.1/gems/sinatra-1.4.4/lib/sinatra/base.rb:805:in `render'
	/var/lib/gems/1.9.1/gems/sinatra-1.4.4/lib/sinatra/base.rb:664:in `erb'
	/var/www/rails_logger/logger.rb:4:in `block in <top (required)>'
	/var/lib/gems/1.9.1/gems/sinatra-1.4.4/lib/sinatra/base.rb:1593:in `call'
	/var/lib/gems/1.9.1/gems/sinatra-1.4.4/lib/sinatra/base.rb:1593:in `block in compile!'
	/var/lib/gems/1.9.1/gems/sinatra-1.4.4/lib/sinatra/base.rb:957:in `[]'
	/var/lib/gems/1.9.1/gems/sinatra-1.4.4/lib/sinatra/base.rb:957:in `block (3 levels) in route!'
	/var/lib/gems/1.9.1/gems/sinatra-1.4.4/lib/sinatra/base.rb:976:in `route_eval'
	/var/lib/gems/1.9.1/gems/sinatra-1.4.4/lib/sinatra/base.rb:957:in `block (2 levels) in route!'
	/var/lib/gems/1.9.1/gems/sinatra-1.4.4/lib/sinatra/base.rb:997:in `block in process_route'
	/var/lib/gems/1.9.1/gems/sinatra-1.4.4/lib/sinatra/base.rb:995:in `catch'
	/var/lib/gems/1.9.1/gems/sinatra-1.4.4/lib/sinatra/base.rb:995:in `process_route'
	/var/lib/gems/1.9.1/gems/sinatra-1.4.4/lib/sinatra/base.rb:955:in `block in route!'
	/var/lib/gems/1.9.1/gems/sinatra-1.4.4/lib/sinatra/base.rb:954:in `each'
	/var/lib/gems/1.9.1/gems/sinatra-1.4.4/lib/sinatra/base.rb:954:in `route!'
	/var/lib/gems/1.9.1/gems/sinatra-1.4.4/lib/sinatra/base.rb:1067:in `block in dispatch!'
	/var/lib/gems/1.9.1/gems/sinatra-1.4.4/lib/sinatra/base.rb:1049:in `block in invoke'
	/var/lib/gems/1.9.1/gems/sinatra-1.4.4/lib/sinatra/base.rb:1049:in `catch'
	/var/lib/gems/1.9.1/gems/sinatra-1.4.4/lib/sinatra/base.rb:1049:in `invoke'
	/var/lib/gems/1.9.1/gems/sinatra-1.4.4/lib/sinatra/base.rb:1064:in `dispatch!'
	/var/lib/gems/1.9.1/gems/sinatra-1.4.4/lib/sinatra/base.rb:889:in `block in call!'
	/var/lib/gems/1.9.1/gems/sinatra-1.4.4/lib/sinatra/base.rb:1049:in `block in invoke'
	/var/lib/gems/1.9.1/gems/sinatra-1.4.4/lib/sinatra/base.rb:1049:in `catch'
	/var/lib/gems/1.9.1/gems/sinatra-1.4.4/lib/sinatra/base.rb:1049:in `invoke'
	/var/lib/gems/1.9.1/gems/sinatra-1.4.4/lib/sinatra/base.rb:889:in `call!'
	/var/lib/gems/1.9.1/gems/sinatra-1.4.4/lib/sinatra/base.rb:877:in `call'
	/var/lib/gems/1.9.1/gems/rack-protection-1.5.1/lib/rack/protection/xss_header.rb:18:in `call'
	/var/lib/gems/1.9.1/gems/rack-protection-1.5.1/lib/rack/protection/path_traversal.rb:16:in `call'
	/var/lib/gems/1.9.1/gems/rack-protection-1.5.1/lib/rack/protection/json_csrf.rb:18:in `call'
	/var/lib/gems/1.9.1/gems/rack-protection-1.5.1/lib/rack/protection/base.rb:50:in `call'
	/var/lib/gems/1.9.1/gems/rack-protection-1.5.1/lib/rack/protection/base.rb:50:in `call'
	/var/lib/gems/1.9.1/gems/rack-protection-1.5.1/lib/rack/protection/frame_options.rb:31:in `call'
	/var/lib/gems/1.9.1/gems/rack-1.5.2/lib/rack/logger.rb:15:in `call'
	/var/lib/gems/1.9.1/gems/sinatra-1.4.4/lib/sinatra/base.rb:210:in `call'
	/var/lib/gems/1.9.1/gems/rack-1.5.2/lib/rack/head.rb:11:in `call'
	/var/lib/gems/1.9.1/gems/rack-1.5.2/lib/rack/methodoverride.rb:21:in `call'
	/var/lib/gems/1.9.1/gems/sinatra-1.4.4/lib/sinatra/base.rb:180:in `call'
	/var/lib/gems/1.9.1/gems/sinatra-1.4.4/lib/sinatra/base.rb:2004:in `call'
	/var/lib/gems/1.9.1/gems/sinatra-1.4.4/lib/sinatra/base.rb:1469:in `block in call'
	/var/lib/gems/1.9.1/gems/sinatra-1.4.4/lib/sinatra/base.rb:1778:in `synchronize'
	/var/lib/gems/1.9.1/gems/sinatra-1.4.4/lib/sinatra/base.rb:1469:in `call'
	/var/lib/gems/1.9.1/gems/rack-1.5.2/lib/rack/lint.rb:49:in `_call'
	/var/lib/gems/1.9.1/gems/rack-1.5.2/lib/rack/lint.rb:37:in `call'
	/var/lib/gems/1.9.1/gems/rack-1.5.2/lib/rack/showexceptions.rb:24:in `call'
	/var/lib/gems/1.9.1/gems/rack-1.5.2/lib/rack/commonlogger.rb:33:in `call'
	/var/lib/gems/1.9.1/gems/sinatra-1.4.4/lib/sinatra/base.rb:217:in `call'
	/var/lib/gems/1.9.1/gems/rack-1.5.2/lib/rack/chunked.rb:43:in `call'
	/var/lib/gems/1.9.1/gems/rack-1.5.2/lib/rack/content_length.rb:14:in `call'
	/var/lib/gems/1.9.1/gems/unicorn-4.7.0/lib/unicorn/http_server.rb:580:in `process_client'
	/var/lib/gems/1.9.1/gems/unicorn-4.7.0/lib/unicorn/http_server.rb:660:in `worker_loop'
	/var/lib/gems/1.9.1/gems/unicorn-4.7.0/lib/unicorn/http_server.rb:527:in `spawn_missing_workers'
	/var/lib/gems/1.9.1/gems/unicorn-4.7.0/lib/unicorn/http_server.rb:153:in `start'
	/var/lib/gems/1.9.1/gems/unicorn-4.7.0/bin/unicorn:126:in `<top (required)>'
	/usr/local/bin/unicorn:23:in `load'
	/usr/local/bin/unicorn:23:in `<main>'
10.0.3.1 - - [21/Nov/2013 12:31:49] "GET /users HTTP/1.0" 500 30 0.0187
Errno::ENOENT - No such file or directory - /var/www/demo/log/production.log:
	./views/index.erb:1:in `initialize'
	./views/index.erb:1:in `open'
	./views/index.erb:1:in `block in singletonclass'
	./views/index.erb:65531:in `instance_eval'
	./views/index.erb:65531:in `singletonclass'
	./views/index.erb:65529:in `__tilt_16220260'
	/var/lib/gems/1.9.1/gems/tilt-1.4.1/lib/tilt/template.rb:170:in `call'
	/var/lib/gems/1.9.1/gems/tilt-1.4.1/lib/tilt/template.rb:170:in `evaluate'
	/var/lib/gems/1.9.1/gems/tilt-1.4.1/lib/tilt/template.rb:103:in `render'
	/var/lib/gems/1.9.1/gems/sinatra-1.4.4/lib/sinatra/base.rb:805:in `render'
	/var/lib/gems/1.9.1/gems/sinatra-1.4.4/lib/sinatra/base.rb:664:in `erb'
	/var/www/rails_logger/logger.rb:4:in `block in <top (required)>'
	/var/lib/gems/1.9.1/gems/sinatra-1.4.4/lib/sinatra/base.rb:1593:in `call'
	/var/lib/gems/1.9.1/gems/sinatra-1.4.4/lib/sinatra/base.rb:1593:in `block in compile!'
	/var/lib/gems/1.9.1/gems/sinatra-1.4.4/lib/sinatra/base.rb:957:in `[]'
	/var/lib/gems/1.9.1/gems/sinatra-1.4.4/lib/sinatra/base.rb:957:in `block (3 levels) in route!'
	/var/lib/gems/1.9.1/gems/sinatra-1.4.4/lib/sinatra/base.rb:976:in `route_eval'
	/var/lib/gems/1.9.1/gems/sinatra-1.4.4/lib/sinatra/base.rb:957:in `block (2 levels) in route!'
	/var/lib/gems/1.9.1/gems/sinatra-1.4.4/lib/sinatra/base.rb:997:in `block in process_route'
	/var/lib/gems/1.9.1/gems/sinatra-1.4.4/lib/sinatra/base.rb:995:in `catch'
	/var/lib/gems/1.9.1/gems/sinatra-1.4.4/lib/sinatra/base.rb:995:in `process_route'
	/var/lib/gems/1.9.1/gems/sinatra-1.4.4/lib/sinatra/base.rb:955:in `block in route!'
	/var/lib/gems/1.9.1/gems/sinatra-1.4.4/lib/sinatra/base.rb:954:in `each'
	/var/lib/gems/1.9.1/gems/sinatra-1.4.4/lib/sinatra/base.rb:954:in `route!'
	/var/lib/gems/1.9.1/gems/sinatra-1.4.4/lib/sinatra/base.rb:1067:in `block in dispatch!'
	/var/lib/gems/1.9.1/gems/sinatra-1.4.4/lib/sinatra/base.rb:1049:in `block in invoke'
	/var/lib/gems/1.9.1/gems/sinatra-1.4.4/lib/sinatra/base.rb:1049:in `catch'
	/var/lib/gems/1.9.1/gems/sinatra-1.4.4/lib/sinatra/base.rb:1049:in `invoke'
	/var/lib/gems/1.9.1/gems/sinatra-1.4.4/lib/sinatra/base.rb:1064:in `dispatch!'
	/var/lib/gems/1.9.1/gems/sinatra-1.4.4/lib/sinatra/base.rb:889:in `block in call!'
	/var/lib/gems/1.9.1/gems/sinatra-1.4.4/lib/sinatra/base.rb:1049:in `block in invoke'
	/var/lib/gems/1.9.1/gems/sinatra-1.4.4/lib/sinatra/base.rb:1049:in `catch'
	/var/lib/gems/1.9.1/gems/sinatra-1.4.4/lib/sinatra/base.rb:1049:in `invoke'
	/var/lib/gems/1.9.1/gems/sinatra-1.4.4/lib/sinatra/base.rb:889:in `call!'
	/var/lib/gems/1.9.1/gems/sinatra-1.4.4/lib/sinatra/base.rb:877:in `call'
	/var/lib/gems/1.9.1/gems/rack-protection-1.5.1/lib/rack/protection/xss_header.rb:18:in `call'
	/var/lib/gems/1.9.1/gems/rack-protection-1.5.1/lib/rack/protection/path_traversal.rb:16:in `call'
	/var/lib/gems/1.9.1/gems/rack-protection-1.5.1/lib/rack/protection/json_csrf.rb:18:in `call'
	/var/lib/gems/1.9.1/gems/rack-protection-1.5.1/lib/rack/protection/base.rb:50:in `call'
	/var/lib/gems/1.9.1/gems/rack-protection-1.5.1/lib/rack/protection/base.rb:50:in `call'
	/var/lib/gems/1.9.1/gems/rack-protection-1.5.1/lib/rack/protection/frame_options.rb:31:in `call'
	/var/lib/gems/1.9.1/gems/rack-1.5.2/lib/rack/logger.rb:15:in `call'
	/var/lib/gems/1.9.1/gems/sinatra-1.4.4/lib/sinatra/base.rb:210:in `call'
	/var/lib/gems/1.9.1/gems/rack-1.5.2/lib/rack/head.rb:11:in `call'
	/var/lib/gems/1.9.1/gems/rack-1.5.2/lib/rack/methodoverride.rb:21:in `call'
	/var/lib/gems/1.9.1/gems/sinatra-1.4.4/lib/sinatra/base.rb:180:in `call'
	/var/lib/gems/1.9.1/gems/sinatra-1.4.4/lib/sinatra/base.rb:2004:in `call'
	/var/lib/gems/1.9.1/gems/sinatra-1.4.4/lib/sinatra/base.rb:1469:in `block in call'
	/var/lib/gems/1.9.1/gems/sinatra-1.4.4/lib/sinatra/base.rb:1778:in `synchronize'
	/var/lib/gems/1.9.1/gems/sinatra-1.4.4/lib/sinatra/base.rb:1469:in `call'
	/var/lib/gems/1.9.1/gems/rack-1.5.2/lib/rack/lint.rb:49:in `_call'
	/var/lib/gems/1.9.1/gems/rack-1.5.2/lib/rack/lint.rb:37:in `call'
	/var/lib/gems/1.9.1/gems/rack-1.5.2/lib/rack/showexceptions.rb:24:in `call'
	/var/lib/gems/1.9.1/gems/rack-1.5.2/lib/rack/commonlogger.rb:33:in `call'
	/var/lib/gems/1.9.1/gems/sinatra-1.4.4/lib/sinatra/base.rb:217:in `call'
	/var/lib/gems/1.9.1/gems/rack-1.5.2/lib/rack/chunked.rb:43:in `call'
	/var/lib/gems/1.9.1/gems/rack-1.5.2/lib/rack/content_length.rb:14:in `call'
	/var/lib/gems/1.9.1/gems/unicorn-4.7.0/lib/unicorn/http_server.rb:580:in `process_client'
	/var/lib/gems/1.9.1/gems/unicorn-4.7.0/lib/unicorn/http_server.rb:660:in `worker_loop'
	/var/lib/gems/1.9.1/gems/unicorn-4.7.0/lib/unicorn/http_server.rb:527:in `spawn_missing_workers'
	/var/lib/gems/1.9.1/gems/unicorn-4.7.0/lib/unicorn/http_server.rb:153:in `start'
	/var/lib/gems/1.9.1/gems/unicorn-4.7.0/bin/unicorn:126:in `<top (required)>'
	/usr/local/bin/unicorn:23:in `load'
	/usr/local/bin/unicorn:23:in `<main>'
10.0.3.1 - - [21/Nov/2013 12:31:50] "GET /users HTTP/1.0" 500 30 0.0023
Errno::ENOENT - No such file or directory - /var/www/demo/log/production.log:
	./views/index.erb:1:in `initialize'
	./views/index.erb:1:in `open'
	./views/index.erb:1:in `block in singletonclass'
	./views/index.erb:65531:in `instance_eval'
	./views/index.erb:65531:in `singletonclass'
	./views/index.erb:65529:in `__tilt_16220260'
	/var/lib/gems/1.9.1/gems/tilt-1.4.1/lib/tilt/template.rb:170:in `call'
	/var/lib/gems/1.9.1/gems/tilt-1.4.1/lib/tilt/template.rb:170:in `evaluate'
	/var/lib/gems/1.9.1/gems/tilt-1.4.1/lib/tilt/template.rb:103:in `render'
	/var/lib/gems/1.9.1/gems/sinatra-1.4.4/lib/sinatra/base.rb:805:in `render'
	/var/lib/gems/1.9.1/gems/sinatra-1.4.4/lib/sinatra/base.rb:664:in `erb'
	/var/www/rails_logger/logger.rb:4:in `block in <top (required)>'
	/var/lib/gems/1.9.1/gems/sinatra-1.4.4/lib/sinatra/base.rb:1593:in `call'
	/var/lib/gems/1.9.1/gems/sinatra-1.4.4/lib/sinatra/base.rb:1593:in `block in compile!'
	/var/lib/gems/1.9.1/gems/sinatra-1.4.4/lib/sinatra/base.rb:957:in `[]'
	/var/lib/gems/1.9.1/gems/sinatra-1.4.4/lib/sinatra/base.rb:957:in `block (3 levels) in route!'
	/var/lib/gems/1.9.1/gems/sinatra-1.4.4/lib/sinatra/base.rb:976:in `route_eval'
	/var/lib/gems/1.9.1/gems/sinatra-1.4.4/lib/sinatra/base.rb:957:in `block (2 levels) in route!'
	/var/lib/gems/1.9.1/gems/sinatra-1.4.4/lib/sinatra/base.rb:997:in `block in process_route'
	/var/lib/gems/1.9.1/gems/sinatra-1.4.4/lib/sinatra/base.rb:995:in `catch'
	/var/lib/gems/1.9.1/gems/sinatra-1.4.4/lib/sinatra/base.rb:995:in `process_route'
	/var/lib/gems/1.9.1/gems/sinatra-1.4.4/lib/sinatra/base.rb:955:in `block in route!'
	/var/lib/gems/1.9.1/gems/sinatra-1.4.4/lib/sinatra/base.rb:954:in `each'
	/var/lib/gems/1.9.1/gems/sinatra-1.4.4/lib/sinatra/base.rb:954:in `route!'
	/var/lib/gems/1.9.1/gems/sinatra-1.4.4/lib/sinatra/base.rb:1067:in `block in dispatch!'
	/var/lib/gems/1.9.1/gems/sinatra-1.4.4/lib/sinatra/base.rb:1049:in `block in invoke'
	/var/lib/gems/1.9.1/gems/sinatra-1.4.4/lib/sinatra/base.rb:1049:in `catch'
	/var/lib/gems/1.9.1/gems/sinatra-1.4.4/lib/sinatra/base.rb:1049:in `invoke'
	/var/lib/gems/1.9.1/gems/sinatra-1.4.4/lib/sinatra/base.rb:1064:in `dispatch!'
	/var/lib/gems/1.9.1/gems/sinatra-1.4.4/lib/sinatra/base.rb:889:in `block in call!'
	/var/lib/gems/1.9.1/gems/sinatra-1.4.4/lib/sinatra/base.rb:1049:in `block in invoke'
	/var/lib/gems/1.9.1/gems/sinatra-1.4.4/lib/sinatra/base.rb:1049:in `catch'
	/var/lib/gems/1.9.1/gems/sinatra-1.4.4/lib/sinatra/base.rb:1049:in `invoke'
	/var/lib/gems/1.9.1/gems/sinatra-1.4.4/lib/sinatra/base.rb:889:in `call!'
	/var/lib/gems/1.9.1/gems/sinatra-1.4.4/lib/sinatra/base.rb:877:in `call'
	/var/lib/gems/1.9.1/gems/rack-protection-1.5.1/lib/rack/protection/xss_header.rb:18:in `call'
	/var/lib/gems/1.9.1/gems/rack-protection-1.5.1/lib/rack/protection/path_traversal.rb:16:in `call'
	/var/lib/gems/1.9.1/gems/rack-protection-1.5.1/lib/rack/protection/json_csrf.rb:18:in `call'
	/var/lib/gems/1.9.1/gems/rack-protection-1.5.1/lib/rack/protection/base.rb:50:in `call'
	/var/lib/gems/1.9.1/gems/rack-protection-1.5.1/lib/rack/protection/base.rb:50:in `call'
	/var/lib/gems/1.9.1/gems/rack-protection-1.5.1/lib/rack/protection/frame_options.rb:31:in `call'
	/var/lib/gems/1.9.1/gems/rack-1.5.2/lib/rack/logger.rb:15:in `call'
	/var/lib/gems/1.9.1/gems/sinatra-1.4.4/lib/sinatra/base.rb:210:in `call'
	/var/lib/gems/1.9.1/gems/rack-1.5.2/lib/rack/head.rb:11:in `call'
	/var/lib/gems/1.9.1/gems/rack-1.5.2/lib/rack/methodoverride.rb:21:in `call'
	/var/lib/gems/1.9.1/gems/sinatra-1.4.4/lib/sinatra/base.rb:180:in `call'
	/var/lib/gems/1.9.1/gems/sinatra-1.4.4/lib/sinatra/base.rb:2004:in `call'
	/var/lib/gems/1.9.1/gems/sinatra-1.4.4/lib/sinatra/base.rb:1469:in `block in call'
	/var/lib/gems/1.9.1/gems/sinatra-1.4.4/lib/sinatra/base.rb:1778:in `synchronize'
	/var/lib/gems/1.9.1/gems/sinatra-1.4.4/lib/sinatra/base.rb:1469:in `call'
	/var/lib/gems/1.9.1/gems/rack-1.5.2/lib/rack/lint.rb:49:in `_call'
	/var/lib/gems/1.9.1/gems/rack-1.5.2/lib/rack/lint.rb:37:in `call'
	/var/lib/gems/1.9.1/gems/rack-1.5.2/lib/rack/showexceptions.rb:24:in `call'
	/var/lib/gems/1.9.1/gems/rack-1.5.2/lib/rack/commonlogger.rb:33:in `call'
	/var/lib/gems/1.9.1/gems/sinatra-1.4.4/lib/sinatra/base.rb:217:in `call'
	/var/lib/gems/1.9.1/gems/rack-1.5.2/lib/rack/chunked.rb:43:in `call'
	/var/lib/gems/1.9.1/gems/rack-1.5.2/lib/rack/content_length.rb:14:in `call'
	/var/lib/gems/1.9.1/gems/unicorn-4.7.0/lib/unicorn/http_server.rb:580:in `process_client'
	/var/lib/gems/1.9.1/gems/unicorn-4.7.0/lib/unicorn/http_server.rb:660:in `worker_loop'
	/var/lib/gems/1.9.1/gems/unicorn-4.7.0/lib/unicorn/http_server.rb:527:in `spawn_missing_workers'
	/var/lib/gems/1.9.1/gems/unicorn-4.7.0/lib/unicorn/http_server.rb:153:in `start'
	/var/lib/gems/1.9.1/gems/unicorn-4.7.0/bin/unicorn:126:in `<top (required)>'
	/usr/local/bin/unicorn:23:in `load'
	/usr/local/bin/unicorn:23:in `<main>'
10.0.3.1 - - [21/Nov/2013 12:32:14] "GET /users HTTP/1.0" 500 30 0.0025
10.0.3.1 - - [21/Nov/2013 12:33:19] "GET /users HTTP/1.0" 200 131027 0.0274
10.0.3.1 - - [21/Nov/2013 12:38:16] "GET /users HTTP/1.0" 200 140967 0.0112
Errno::ENOENT - No such file or directory - /var/www/demo/log/production.log:
	./views/index.erb:1:in `initialize'
	./views/index.erb:1:in `open'
	./views/index.erb:1:in `block in singletonclass'
	./views/index.erb:65531:in `instance_eval'
	./views/index.erb:65531:in `singletonclass'
	./views/index.erb:65529:in `__tilt_16220260'
	/var/lib/gems/1.9.1/gems/tilt-1.4.1/lib/tilt/template.rb:170:in `call'
	/var/lib/gems/1.9.1/gems/tilt-1.4.1/lib/tilt/template.rb:170:in `evaluate'
	/var/lib/gems/1.9.1/gems/tilt-1.4.1/lib/tilt/template.rb:103:in `render'
	/var/lib/gems/1.9.1/gems/sinatra-1.4.4/lib/sinatra/base.rb:805:in `render'
	/var/lib/gems/1.9.1/gems/sinatra-1.4.4/lib/sinatra/base.rb:664:in `erb'
	/var/www/rails_logger/logger.rb:4:in `block in <top (required)>'
	/var/lib/gems/1.9.1/gems/sinatra-1.4.4/lib/sinatra/base.rb:1593:in `call'
	/var/lib/gems/1.9.1/gems/sinatra-1.4.4/lib/sinatra/base.rb:1593:in `block in compile!'
	/var/lib/gems/1.9.1/gems/sinatra-1.4.4/lib/sinatra/base.rb:957:in `[]'
	/var/lib/gems/1.9.1/gems/sinatra-1.4.4/lib/sinatra/base.rb:957:in `block (3 levels) in route!'
	/var/lib/gems/1.9.1/gems/sinatra-1.4.4/lib/sinatra/base.rb:976:in `route_eval'
	/var/lib/gems/1.9.1/gems/sinatra-1.4.4/lib/sinatra/base.rb:957:in `block (2 levels) in route!'
	/var/lib/gems/1.9.1/gems/sinatra-1.4.4/lib/sinatra/base.rb:997:in `block in process_route'
	/var/lib/gems/1.9.1/gems/sinatra-1.4.4/lib/sinatra/base.rb:995:in `catch'
	/var/lib/gems/1.9.1/gems/sinatra-1.4.4/lib/sinatra/base.rb:995:in `process_route'
	/var/lib/gems/1.9.1/gems/sinatra-1.4.4/lib/sinatra/base.rb:955:in `block in route!'
	/var/lib/gems/1.9.1/gems/sinatra-1.4.4/lib/sinatra/base.rb:954:in `each'
	/var/lib/gems/1.9.1/gems/sinatra-1.4.4/lib/sinatra/base.rb:954:in `route!'
	/var/lib/gems/1.9.1/gems/sinatra-1.4.4/lib/sinatra/base.rb:1067:in `block in dispatch!'
	/var/lib/gems/1.9.1/gems/sinatra-1.4.4/lib/sinatra/base.rb:1049:in `block in invoke'
	/var/lib/gems/1.9.1/gems/sinatra-1.4.4/lib/sinatra/base.rb:1049:in `catch'
	/var/lib/gems/1.9.1/gems/sinatra-1.4.4/lib/sinatra/base.rb:1049:in `invoke'
	/var/lib/gems/1.9.1/gems/sinatra-1.4.4/lib/sinatra/base.rb:1064:in `dispatch!'
	/var/lib/gems/1.9.1/gems/sinatra-1.4.4/lib/sinatra/base.rb:889:in `block in call!'
	/var/lib/gems/1.9.1/gems/sinatra-1.4.4/lib/sinatra/base.rb:1049:in `block in invoke'
	/var/lib/gems/1.9.1/gems/sinatra-1.4.4/lib/sinatra/base.rb:1049:in `catch'
	/var/lib/gems/1.9.1/gems/sinatra-1.4.4/lib/sinatra/base.rb:1049:in `invoke'
	/var/lib/gems/1.9.1/gems/sinatra-1.4.4/lib/sinatra/base.rb:889:in `call!'
	/var/lib/gems/1.9.1/gems/sinatra-1.4.4/lib/sinatra/base.rb:877:in `call'
	/var/lib/gems/1.9.1/gems/rack-protection-1.5.1/lib/rack/protection/xss_header.rb:18:in `call'
	/var/lib/gems/1.9.1/gems/rack-protection-1.5.1/lib/rack/protection/path_traversal.rb:16:in `call'
	/var/lib/gems/1.9.1/gems/rack-protection-1.5.1/lib/rack/protection/json_csrf.rb:18:in `call'
	/var/lib/gems/1.9.1/gems/rack-protection-1.5.1/lib/rack/protection/base.rb:50:in `call'
	/var/lib/gems/1.9.1/gems/rack-protection-1.5.1/lib/rack/protection/base.rb:50:in `call'
	/var/lib/gems/1.9.1/gems/rack-protection-1.5.1/lib/rack/protection/frame_options.rb:31:in `call'
	/var/lib/gems/1.9.1/gems/rack-1.5.2/lib/rack/logger.rb:15:in `call'
	/var/lib/gems/1.9.1/gems/sinatra-1.4.4/lib/sinatra/base.rb:210:in `call'
	/var/lib/gems/1.9.1/gems/rack-1.5.2/lib/rack/head.rb:11:in `call'
	/var/lib/gems/1.9.1/gems/rack-1.5.2/lib/rack/methodoverride.rb:21:in `call'
	/var/lib/gems/1.9.1/gems/sinatra-1.4.4/lib/sinatra/base.rb:180:in `call'
	/var/lib/gems/1.9.1/gems/sinatra-1.4.4/lib/sinatra/base.rb:2004:in `call'
	/var/lib/gems/1.9.1/gems/sinatra-1.4.4/lib/sinatra/base.rb:1469:in `block in call'
	/var/lib/gems/1.9.1/gems/sinatra-1.4.4/lib/sinatra/base.rb:1778:in `synchronize'
	/var/lib/gems/1.9.1/gems/sinatra-1.4.4/lib/sinatra/base.rb:1469:in `call'
	/var/lib/gems/1.9.1/gems/rack-1.5.2/lib/rack/lint.rb:49:in `_call'
	/var/lib/gems/1.9.1/gems/rack-1.5.2/lib/rack/lint.rb:37:in `call'
	/var/lib/gems/1.9.1/gems/rack-1.5.2/lib/rack/showexceptions.rb:24:in `call'
	/var/lib/gems/1.9.1/gems/rack-1.5.2/lib/rack/commonlogger.rb:33:in `call'
	/var/lib/gems/1.9.1/gems/sinatra-1.4.4/lib/sinatra/base.rb:217:in `call'
	/var/lib/gems/1.9.1/gems/rack-1.5.2/lib/rack/chunked.rb:43:in `call'
	/var/lib/gems/1.9.1/gems/rack-1.5.2/lib/rack/content_length.rb:14:in `call'
	/var/lib/gems/1.9.1/gems/unicorn-4.7.0/lib/unicorn/http_server.rb:580:in `process_client'
	/var/lib/gems/1.9.1/gems/unicorn-4.7.0/lib/unicorn/http_server.rb:660:in `worker_loop'
	/var/lib/gems/1.9.1/gems/unicorn-4.7.0/lib/unicorn/http_server.rb:527:in `spawn_missing_workers'
	/var/lib/gems/1.9.1/gems/unicorn-4.7.0/lib/unicorn/http_server.rb:153:in `start'
	/var/lib/gems/1.9.1/gems/unicorn-4.7.0/bin/unicorn:126:in `<top (required)>'
	/usr/local/bin/unicorn:23:in `load'
	/usr/local/bin/unicorn:23:in `<main>'
10.0.3.1 - - [21/Nov/2013 12:38:35] "GET /users HTTP/1.0" 500 30 0.0013
10.0.3.1 - - [21/Nov/2013 12:38:37] "GET /users HTTP/1.0" 200 142628 0.0146
Errno::ENOENT - No such file or directory - /var/www/demo/log/production.log:
	./views/index.erb:1:in `initialize'
	./views/index.erb:1:in `open'
	./views/index.erb:1:in `block in singletonclass'
	./views/index.erb:65531:in `instance_eval'
	./views/index.erb:65531:in `singletonclass'
	./views/index.erb:65529:in `__tilt_16220260'
	/var/lib/gems/1.9.1/gems/tilt-1.4.1/lib/tilt/template.rb:170:in `call'
	/var/lib/gems/1.9.1/gems/tilt-1.4.1/lib/tilt/template.rb:170:in `evaluate'
	/var/lib/gems/1.9.1/gems/tilt-1.4.1/lib/tilt/template.rb:103:in `render'
	/var/lib/gems/1.9.1/gems/sinatra-1.4.4/lib/sinatra/base.rb:805:in `render'
	/var/lib/gems/1.9.1/gems/sinatra-1.4.4/lib/sinatra/base.rb:664:in `erb'
	/var/www/rails_logger/logger.rb:4:in `block in <top (required)>'
	/var/lib/gems/1.9.1/gems/sinatra-1.4.4/lib/sinatra/base.rb:1593:in `call'
	/var/lib/gems/1.9.1/gems/sinatra-1.4.4/lib/sinatra/base.rb:1593:in `block in compile!'
	/var/lib/gems/1.9.1/gems/sinatra-1.4.4/lib/sinatra/base.rb:957:in `[]'
	/var/lib/gems/1.9.1/gems/sinatra-1.4.4/lib/sinatra/base.rb:957:in `block (3 levels) in route!'
	/var/lib/gems/1.9.1/gems/sinatra-1.4.4/lib/sinatra/base.rb:976:in `route_eval'
	/var/lib/gems/1.9.1/gems/sinatra-1.4.4/lib/sinatra/base.rb:957:in `block (2 levels) in route!'
	/var/lib/gems/1.9.1/gems/sinatra-1.4.4/lib/sinatra/base.rb:997:in `block in process_route'
	/var/lib/gems/1.9.1/gems/sinatra-1.4.4/lib/sinatra/base.rb:995:in `catch'
	/var/lib/gems/1.9.1/gems/sinatra-1.4.4/lib/sinatra/base.rb:995:in `process_route'
	/var/lib/gems/1.9.1/gems/sinatra-1.4.4/lib/sinatra/base.rb:955:in `block in route!'
	/var/lib/gems/1.9.1/gems/sinatra-1.4.4/lib/sinatra/base.rb:954:in `each'
	/var/lib/gems/1.9.1/gems/sinatra-1.4.4/lib/sinatra/base.rb:954:in `route!'
	/var/lib/gems/1.9.1/gems/sinatra-1.4.4/lib/sinatra/base.rb:1067:in `block in dispatch!'
	/var/lib/gems/1.9.1/gems/sinatra-1.4.4/lib/sinatra/base.rb:1049:in `block in invoke'
	/var/lib/gems/1.9.1/gems/sinatra-1.4.4/lib/sinatra/base.rb:1049:in `catch'
	/var/lib/gems/1.9.1/gems/sinatra-1.4.4/lib/sinatra/base.rb:1049:in `invoke'
	/var/lib/gems/1.9.1/gems/sinatra-1.4.4/lib/sinatra/base.rb:1064:in `dispatch!'
	/var/lib/gems/1.9.1/gems/sinatra-1.4.4/lib/sinatra/base.rb:889:in `block in call!'
	/var/lib/gems/1.9.1/gems/sinatra-1.4.4/lib/sinatra/base.rb:1049:in `block in invoke'
	/var/lib/gems/1.9.1/gems/sinatra-1.4.4/lib/sinatra/base.rb:1049:in `catch'
	/var/lib/gems/1.9.1/gems/sinatra-1.4.4/lib/sinatra/base.rb:1049:in `invoke'
	/var/lib/gems/1.9.1/gems/sinatra-1.4.4/lib/sinatra/base.rb:889:in `call!'
	/var/lib/gems/1.9.1/gems/sinatra-1.4.4/lib/sinatra/base.rb:877:in `call'
	/var/lib/gems/1.9.1/gems/rack-protection-1.5.1/lib/rack/protection/xss_header.rb:18:in `call'
	/var/lib/gems/1.9.1/gems/rack-protection-1.5.1/lib/rack/protection/path_traversal.rb:16:in `call'
	/var/lib/gems/1.9.1/gems/rack-protection-1.5.1/lib/rack/protection/json_csrf.rb:18:in `call'
	/var/lib/gems/1.9.1/gems/rack-protection-1.5.1/lib/rack/protection/base.rb:50:in `call'
	/var/lib/gems/1.9.1/gems/rack-protection-1.5.1/lib/rack/protection/base.rb:50:in `call'
	/var/lib/gems/1.9.1/gems/rack-protection-1.5.1/lib/rack/protection/frame_options.rb:31:in `call'
	/var/lib/gems/1.9.1/gems/rack-1.5.2/lib/rack/logger.rb:15:in `call'
	/var/lib/gems/1.9.1/gems/sinatra-1.4.4/lib/sinatra/base.rb:210:in `call'
	/var/lib/gems/1.9.1/gems/rack-1.5.2/lib/rack/head.rb:11:in `call'
	/var/lib/gems/1.9.1/gems/rack-1.5.2/lib/rack/methodoverride.rb:21:in `call'
	/var/lib/gems/1.9.1/gems/sinatra-1.4.4/lib/sinatra/base.rb:180:in `call'
	/var/lib/gems/1.9.1/gems/sinatra-1.4.4/lib/sinatra/base.rb:2004:in `call'
	/var/lib/gems/1.9.1/gems/sinatra-1.4.4/lib/sinatra/base.rb:1469:in `block in call'
	/var/lib/gems/1.9.1/gems/sinatra-1.4.4/lib/sinatra/base.rb:1778:in `synchronize'
	/var/lib/gems/1.9.1/gems/sinatra-1.4.4/lib/sinatra/base.rb:1469:in `call'
	/var/lib/gems/1.9.1/gems/rack-1.5.2/lib/rack/lint.rb:49:in `_call'
	/var/lib/gems/1.9.1/gems/rack-1.5.2/lib/rack/lint.rb:37:in `call'
	/var/lib/gems/1.9.1/gems/rack-1.5.2/lib/rack/showexceptions.rb:24:in `call'
	/var/lib/gems/1.9.1/gems/rack-1.5.2/lib/rack/commonlogger.rb:33:in `call'
	/var/lib/gems/1.9.1/gems/sinatra-1.4.4/lib/sinatra/base.rb:217:in `call'
	/var/lib/gems/1.9.1/gems/rack-1.5.2/lib/rack/chunked.rb:43:in `call'
	/var/lib/gems/1.9.1/gems/rack-1.5.2/lib/rack/content_length.rb:14:in `call'
	/var/lib/gems/1.9.1/gems/unicorn-4.7.0/lib/unicorn/http_server.rb:580:in `process_client'
	/var/lib/gems/1.9.1/gems/unicorn-4.7.0/lib/unicorn/http_server.rb:660:in `worker_loop'
	/var/lib/gems/1.9.1/gems/unicorn-4.7.0/lib/unicorn/http_server.rb:527:in `spawn_missing_workers'
	/var/lib/gems/1.9.1/gems/unicorn-4.7.0/lib/unicorn/http_server.rb:153:in `start'
	/var/lib/gems/1.9.1/gems/unicorn-4.7.0/bin/unicorn:126:in `<top (required)>'
	/usr/local/bin/unicorn:23:in `load'
	/usr/local/bin/unicorn:23:in `<main>'
10.0.3.1 - - [21/Nov/2013 12:38:49] "GET /users HTTP/1.0" 500 30 0.0024
10.0.3.1 - - [21/Nov/2013 12:38:50] "GET /users HTTP/1.0" 200 144267 0.0159
10.0.3.1 - - [21/Nov/2013 12:38:57] "GET /users HTTP/1.0" 200 144267 0.0103
I, [2013-11-21T12:39:59.925387 #804]  INFO -- : reloading config_file=config/unicorn.rb
I, [2013-11-21T12:39:59.927303 #804]  INFO -- : done reloading config_file=config/unicorn.rb
D, [2013-11-21T12:39:59.927425 #804] DEBUG -- : waiting 16.0s after suspend/hibernation
I, [2013-11-21T12:39:59.934226 #804]  INFO -- : reaped #<Process::Status: pid 809 exit 0> worker=1
E, [2013-11-21T12:39:59.934332 #804] ERROR -- : worker=0 PID:806 timeout (32s > 30s), killing
I, [2013-11-21T12:39:59.934376 #804]  INFO -- : worker=1 spawning...
I, [2013-11-21T12:39:59.934795 #804]  INFO -- : reaped #<Process::Status: pid 806 exit 0> worker=0
I, [2013-11-21T12:39:59.934896 #804]  INFO -- : worker=0 spawning...
I, [2013-11-21T12:39:59.935113 #825]  INFO -- : worker=1 spawned pid=825
I, [2013-11-21T12:39:59.935236 #825]  INFO -- : Refreshing Gem list
I, [2013-11-21T12:39:59.935529 #828]  INFO -- : worker=0 spawned pid=828
I, [2013-11-21T12:39:59.935628 #828]  INFO -- : Refreshing Gem list
I, [2013-11-21T12:40:00.044253 #825]  INFO -- : worker=1 ready
I, [2013-11-21T12:40:00.044444 #828]  INFO -- : worker=0 ready
I, [2013-11-21T12:40:00.938912 #804]  INFO -- : reaped #<Process::Status: pid 825 exit 0> worker=1
I, [2013-11-21T12:40:00.939186 #804]  INFO -- : reaped #<Process::Status: pid 828 exit 0> worker=0
I, [2013-11-21T12:40:00.939442 #804]  INFO -- : master complete
